\BOOKMARK [1][-]{section.1}{Introduction}{}% 1
\BOOKMARK [1][-]{section.2}{Between Peace and War}{}% 2
\BOOKMARK [1][-]{section.3}{Theoretical Intuition}{}% 3
\BOOKMARK [1][-]{section.4}{Model and Equilibrium}{}% 4
\BOOKMARK [2][-]{subsection.4.1}{Game Form}{section.4}% 5
\BOOKMARK [2][-]{subsection.4.2}{Equilibrium Concepts and Assumptions}{section.4}% 6
\BOOKMARK [2][-]{subsection.4.3}{Equilibria}{section.4}% 7
\BOOKMARK [1][-]{section.5}{What Drives Variation in Gray Zone Activity?}{}% 8
\BOOKMARK [2][-]{subsection.5.1}{On the Defender's Deterrent Threat and Conflict Intensity}{section.5}% 9
\BOOKMARK [2][-]{subsection.5.2}{On the Challenger's Resolve and Conflict Intensity}{section.5}% 10
\BOOKMARK [2][-]{subsection.5.3}{On the Challenger's Gray Zone Costs and Conflict Intensity}{section.5}% 11
\BOOKMARK [1][-]{section.6}{Empirical Application: Russian Efforts in the Gray Zone}{}% 12
\BOOKMARK [2][-]{subsection.6.1}{Data}{section.6}% 13
\BOOKMARK [2][-]{subsection.6.2}{Model and Results}{section.6}% 14
\BOOKMARK [2][-]{subsection.6.3}{Case Studies}{section.6}% 15
\BOOKMARK [3][-]{subsubsection.6.3.1}{Estonia \(2007\)}{subsection.6.3}% 16
\BOOKMARK [3][-]{subsubsection.6.3.2}{Ukraine \(2014\)}{subsection.6.3}% 17
\BOOKMARK [3][-]{subsubsection.6.3.3}{Georgia \(2008\)}{subsection.6.3}% 18
\BOOKMARK [3][-]{subsubsection.6.3.4}{Discussion of Cases}{subsection.6.3}% 19
\BOOKMARK [1][-]{section.7}{Other Results: Escalation Dynamics}{}% 20
\BOOKMARK [1][-]{section.8}{Every Silver Lining's Got a Touch of Gray}{}% 21
